<?xml version="1.0" encoding="UTF-8"?>
<!-- Generated by org.testng.reporters.JUnitReportReporter -->
<testsuite hostname="DESKTOP-MD08SEB" failures="0" tests="1" name="day11.PageTitleUrlTester" time="1.228" errors="0" timestamp="2024-08-22T15:50:34 IST" skipped="0">
  <testcase classname="day11.PageTitleUrlTester" name="BrowserTitleTest" time="1.228"/>
  <system-out/>
</testsuite> <!-- day11.PageTitleUrlTester -->
