<?xml version="1.0" encoding="UTF-8"?>
<!-- Generated by org.testng.reporters.JUnitReportReporter -->
<testsuite hostname="DESKTOP-MD08SEB" failures="0" tests="1" name="day11.ParameterUsingSuite" time="0.029" errors="0" timestamp="2024-08-22T11:39:38 IST" skipped="0">
  <testcase classname="day11.ParameterUsingSuite" name="testCase1" time="0.029"/>
  <system-out/>
</testsuite> <!-- day11.ParameterUsingSuite -->
