<?xml version="1.0" encoding="UTF-8"?>
<!-- Generated by org.testng.reporters.JUnitReportReporter -->
<testsuite hostname="DESKTOP-MD08SEB" failures="0" tests="1" name="day11.DropDownHandler" time="4.970" errors="0" timestamp="2024-08-27T06:29:40 IST" skipped="0">
  <testcase classname="day11.DropDownHandler" name="dropDownTest" time="4.970"/>
  <system-out/>
</testsuite> <!-- day11.DropDownHandler -->
