<?xml version="1.0" encoding="UTF-8"?>
<!-- Generated by org.testng.reporters.JUnitReportReporter -->
<testsuite hostname="DESKTOP-MD08SEB" failures="0" tests="1" name="day11.PageTitleTester" time="58.087" errors="0" timestamp="2024-08-22T15:14:56 IST" skipped="0">
  <testcase classname="day11.PageTitleTester" name="navigationBrowserTest" time="58.087"/>
  <system-out/>
</testsuite> <!-- day11.PageTitleTester -->
