<?xml version="1.0" encoding="UTF-8"?>
<!-- Generated by org.testng.reporters.JUnitReportReporter -->
<testsuite hostname="DESKTOP-MD08SEB" failures="0" tests="1" name="day11.ExplicityWaitDemo" time="0.590" errors="0" timestamp="2024-08-28T22:52:29 IST" skipped="0">
  <testcase classname="day11.ExplicityWaitDemo" name="explicitWaitTest" time="0.590"/>
  <system-out/>
</testsuite> <!-- day11.ExplicityWaitDemo -->
