<?xml version="1.0" encoding="UTF-8"?>
<!-- Generated by org.testng.reporters.JUnitReportReporter -->
<testsuite hostname="DESKTOP-MD08SEB" failures="0" tests="1" name="day11.LoginTester" time="9.565" errors="0" timestamp="2024-08-22T17:27:04 IST" skipped="0">
  <testcase classname="day11.LoginTester" name="verifyLogin" time="9.565"/>
  <system-out/>
</testsuite> <!-- day11.LoginTester -->
