<?xml version="1.0" encoding="UTF-8"?>
<!-- Generated by org.testng.reporters.JUnitReportReporter -->
<testsuite hostname="DESKTOP-MD08SEB" failures="0" tests="1" name="day11.NavigationBrowserDemo2" time="109.289" errors="0" timestamp="2024-08-22T15:05:04 IST" skipped="0">
  <testcase classname="day11.NavigationBrowserDemo2" name="navigationBrowserTest" time="109.289"/>
  <system-out/>
</testsuite> <!-- day11.NavigationBrowserDemo2 -->
