<?xml version="1.0" encoding="UTF-8"?>
<!-- Generated by org.testng.reporters.JUnitReportReporter -->
<testsuite hostname="DESKTOP-MD08SEB" failures="0" tests="1" name="day11.PageUrlTester" time="35.624" errors="0" timestamp="2024-08-22T15:19:27 IST" skipped="0">
  <testcase classname="day11.PageUrlTester" name="navigationBrowserTest" time="35.624"/>
  <system-out/>
</testsuite> <!-- day11.PageUrlTester -->
