<?xml version="1.0" encoding="UTF-8"?>
<!-- Generated by org.testng.reporters.JUnitReportReporter -->
<testsuite hostname="DESKTOP-MD08SEB" failures="0" tests="1" name="day11.ResizingBrowserDemo" time="96.337" errors="0" timestamp="2024-08-22T14:51:47 IST" skipped="0">
  <testcase classname="day11.ResizingBrowserDemo" name="launchBrowserTest" time="96.337"/>
  <system-out/>
</testsuite> <!-- day11.ResizingBrowserDemo -->
