<?xml version="1.0" encoding="UTF-8"?>
<!-- Generated by org.testng.reporters.JUnitReportReporter -->
<testsuite hostname="DESKTOP-MD08SEB" failures="0" tests="1" name="day11.PromptBoxTester" time="4.349" errors="0" timestamp="2024-08-28T23:15:49 IST" skipped="0">
  <testcase classname="day11.PromptBoxTester" name="promptBoxTester" time="4.349"/>
  <system-out/>
</testsuite> <!-- day11.PromptBoxTester -->
