<?xml version="1.0" encoding="UTF-8"?>
<!-- Generated by org.testng.reporters.JUnitReportReporter -->
<testsuite hostname="DESKTOP-MD08SEB" failures="0" tests="1" name="day11.BrowserTester" time="108.809" errors="0" timestamp="2024-08-22T12:10:09 IST" skipped="0">
  <testcase classname="day11.BrowserTester" name="launchBrowserTest" time="108.809"/>
  <system-out/>
</testsuite> <!-- day11.BrowserTester -->
