<?xml version="1.0" encoding="UTF-8"?>
<!-- Generated by org.testng.reporters.JUnitReportReporter -->
<testsuite hostname="DESKTOP-MD08SEB" failures="0" tests="1" name="BookingWebsite.HomePage" time="51.237" errors="0" timestamp="2024-08-29T15:11:14 IST" skipped="0">
  <testcase classname="BookingWebsite.HomePage" name="HomePageTester" time="51.237"/>
  <system-out/>
</testsuite> <!-- BookingWebsite.HomePage -->
