<?xml version="1.0" encoding="UTF-8"?>
<!-- Generated by org.testng.reporters.JUnitReportReporter -->
<testsuite hostname="DESKTOP-MD08SEB" failures="0" tests="1" name="BookingWebsite.LaunchingBrowser" time="86.654" errors="0" timestamp="2024-08-29T15:07:01 IST" skipped="0">
  <testcase classname="BookingWebsite.LaunchingBrowser" name="launchBrowserTest" time="86.654"/>
  <system-out/>
</testsuite> <!-- BookingWebsite.LaunchingBrowser -->
