<?xml version="1.0" encoding="UTF-8"?>
<!-- Generated by org.testng.reporters.JUnitReportReporter -->
<testsuite ignored="0" hostname="DESKTOP-MD08SEB" failures="0" tests="1" name="WiproTraining.TestingDemo1" time="0.035" errors="0" timestamp="10 Aug 2024 12:27:14 GMT" skipped="0">
  <testcase classname="WiproTraining.TestingDemo1" name="TestCase1" time="0.035"/>
</testsuite> <!-- WiproTraining.TestingDemo1 -->
