<?xml version="1.0" encoding="UTF-8"?>
<!-- Generated by org.testng.reporters.JUnitReportReporter -->
<testsuite ignored="0" hostname="DESKTOP-MD08SEB" failures="0" tests="1" name="WiproTraining.CalciTester" time="0.006" errors="0" timestamp="10 Aug 2024 12:27:14 GMT" skipped="0">
  <testcase classname="WiproTraining.CalciTester" name="addTest" time="0.006"/>
</testsuite> <!-- WiproTraining.CalciTester -->
