<?xml version="1.0" encoding="UTF-8"?>
<!-- Generated by org.testng.reporters.JUnitReportReporter -->
<testsuite hostname="DESKTOP-MD08SEB" failures="0" tests="6" name="WiproTraining.Demo1_TestNG_DataProvider" time="0.407" errors="0" timestamp="2024-08-21T17:25:31 IST" skipped="0">
  <testcase classname="WiproTraining.Demo1_TestNG_DataProvider" name="test1" time="0.002"/>
  <system-out/>
  <testcase classname="WiproTraining.Demo1_TestNG_DataProvider" name="test1" time="0.084"/>
  <system-out/>
  <testcase classname="WiproTraining.Demo1_TestNG_DataProvider" name="test1" time="0.031"/>
  <system-out/>
  <testcase classname="WiproTraining.Demo1_TestNG_DataProvider" name="test1" time="0.149"/>
  <system-out/>
  <testcase classname="WiproTraining.Demo1_TestNG_DataProvider" name="test1" time="0.007"/>
  <system-out/>
  <testcase classname="WiproTraining.Demo1_TestNG_DataProvider" name="test1" time="0.134"/>
  <system-out/>
</testsuite> <!-- WiproTraining.Demo1_TestNG_DataProvider -->
