<?xml version="1.0" encoding="UTF-8"?>
<!-- Generated by org.testng.reporters.JUnitReportReporter -->
<testsuite hostname="DESKTOP-MD08SEB" failures="0" tests="3" name="WiproTraining.Demo1_TestNG_DataProvider" time="0.177" errors="0" timestamp="2024-08-22T10:22:57 IST" skipped="0">
  <testcase classname="WiproTraining.Demo1_TestNG_DataProvider" name="sumTest" time="0.158"/>
  <system-out/>
  <testcase classname="WiproTraining.Demo1_TestNG_DataProvider" name="sumTest" time="0.008"/>
  <system-out/>
  <testcase classname="WiproTraining.Demo1_TestNG_DataProvider" name="sumTest" time="0.011"/>
  <system-out/>
</testsuite> <!-- WiproTraining.Demo1_TestNG_DataProvider -->
