<?xml version="1.0" encoding="UTF-8"?>
<!-- Generated by org.testng.reporters.JUnitReportReporter -->
<testsuite ignored="0" hostname="DESKTOP-MD08SEB" failures="0" tests="1" name="WiproTraining.ArmStrongTester" time="0.048" errors="0" timestamp="12 Aug 2024 10:09:53 GMT" skipped="0">
  <testcase classname="WiproTraining.ArmStrongTester" name="armStrongTest" time="0.048"/>
</testsuite> <!-- WiproTraining.ArmStrongTester -->
