<?xml version="1.0" encoding="UTF-8"?>
<!-- Generated by org.testng.reporters.JUnitReportReporter -->
<testsuite hostname="DESKTOP-MD08SEB" failures="0" tests="3" name="WiproTraining.Demo3_TestNG_Dependencies" time="0.073" errors="0" timestamp="2024-08-22T10:35:09 IST" skipped="0">
  <testcase classname="WiproTraining.Demo3_TestNG_Dependencies" name="logout" time="0.017"/>
  <system-out/>
  <testcase classname="WiproTraining.Demo3_TestNG_Dependencies" name="login" time="0.046"/>
  <system-out/>
  <testcase classname="WiproTraining.Demo3_TestNG_Dependencies" name="dashboard" time="0.010"/>
  <system-out/>
</testsuite> <!-- WiproTraining.Demo3_TestNG_Dependencies -->
