<?xml version="1.0" encoding="UTF-8"?>
<!-- Generated by org.testng.reporters.JUnitReportReporter -->
<testsuite ignored="1" hostname="DESKTOP-MD08SEB" failures="0" tests="1" name="WiproTraining.TestingDemo1" time="0.048" errors="0" timestamp="19 Aug 2024 06:48:21 GMT" skipped="0">
  <testcase classname="WiproTraining.TestingDemo1" name="TestCase1" time="0.048"/>
  <testcase classname="WiproTraining.TestingDemo1" name="TestCase2">
    <skipped/>
  </testcase> <!-- TestCase2 -->
</testsuite> <!-- WiproTraining.TestingDemo1 -->
