<?xml version="1.0" encoding="UTF-8"?>
<!-- Generated by org.testng.reporters.JUnitReportReporter -->
<testsuite ignored="0" hostname="DESKTOP-MD08SEB" failures="0" tests="1" name="WiproTraining.PrimeTester" time="0.085" errors="0" timestamp="12 Aug 2024 17:06:23 GMT" skipped="0">
  <testcase classname="WiproTraining.PrimeTester" name="primeTest" time="0.085"/>
</testsuite> <!-- WiproTraining.PrimeTester -->
