<?xml version="1.0" encoding="UTF-8"?>
<!-- Generated by org.testng.reporters.JUnitReportReporter -->
<testsuite hostname="DESKTOP-MD08SEB" failures="0" tests="3" name="WiproTraining.Demo02_TestNG_Priority" time="0.092" errors="0" timestamp="2024-08-22T10:39:06 IST" skipped="0">
  <testcase classname="WiproTraining.Demo02_TestNG_Priority" name="test02" time="0.014"/>
  <system-out/>
  <testcase classname="WiproTraining.Demo02_TestNG_Priority" name="test01" time="0.066"/>
  <system-out/>
  <testcase classname="WiproTraining.Demo02_TestNG_Priority" name="test03" time="0.012"/>
  <system-out/>
</testsuite> <!-- WiproTraining.Demo02_TestNG_Priority -->
