<?xml version="1.0" encoding="UTF-8"?>
<!-- Generated by org.testng.reporters.JUnitReportReporter -->
<testsuite ignored="0" hostname="DESKTOP-MD08SEB" failures="0" tests="1" name="WiproTraining.TestingDemo1" time="0.177" errors="0" timestamp="26 Jul 2024 06:09:28 GMT" skipped="0">
  <testcase classname="WiproTraining.TestingDemo1" name="TestCase1" time="0.177"/>
</testsuite> <!-- WiproTraining.TestingDemo1 -->
